0 info it worked if it ends with ok
1 verbose cli [ 'node', '/usr/local/bin/npm', 'install', '-g', 'ios-deploy' ]
2 info using npm@1.4.9
3 info using node@v0.10.28
4 verbose cache add [ 'ios-deploy', null ]
5 verbose cache add name=undefined spec="ios-deploy" args=["ios-deploy",null]
6 verbose parsed url { protocol: null,
6 verbose parsed url   slashes: null,
6 verbose parsed url   auth: null,
6 verbose parsed url   host: null,
6 verbose parsed url   port: null,
6 verbose parsed url   hostname: null,
6 verbose parsed url   hash: null,
6 verbose parsed url   search: null,
6 verbose parsed url   query: null,
6 verbose parsed url   pathname: 'ios-deploy',
6 verbose parsed url   path: 'ios-deploy',
6 verbose parsed url   href: 'ios-deploy' }
7 silly lockFile 69149c11-ios-deploy ios-deploy
8 verbose lock ios-deploy /Users/Paul/.npm/69149c11-ios-deploy.lock
9 silly lockFile 69149c11-ios-deploy ios-deploy
10 silly lockFile 69149c11-ios-deploy ios-deploy
11 verbose addNamed [ 'ios-deploy', '' ]
12 verbose addNamed [ null, '*' ]
13 silly lockFile 9c508a6b-ios-deploy ios-deploy@
14 verbose lock ios-deploy@ /Users/Paul/.npm/9c508a6b-ios-deploy.lock
15 silly addNameRange { name: 'ios-deploy', range: '*', hasData: false }
16 verbose url raw ios-deploy
17 verbose url resolving [ 'https://registry.npmjs.org/', './ios-deploy' ]
18 verbose url resolved https://registry.npmjs.org/ios-deploy
19 info trying registry request attempt 1 at 11:59:53
20 http GET https://registry.npmjs.org/ios-deploy
21 http 200 https://registry.npmjs.org/ios-deploy
22 silly registry.get cb [ 200,
22 silly registry.get   { date: 'Fri, 06 Jun 2014 09:59:58 GMT',
22 silly registry.get     server: 'CouchDB/1.5.0 (Erlang OTP/R14B04)',
22 silly registry.get     etag: '"BN4LEBY3MNXFMR9P1OMILG15O"',
22 silly registry.get     'content-type': 'application/json',
22 silly registry.get     via: '1.1 varnish',
22 silly registry.get     'cache-control': 'max-age=1',
22 silly registry.get     'content-length': '10315',
22 silly registry.get     'accept-ranges': 'bytes',
22 silly registry.get     age: '1347',
22 silly registry.get     'x-served-by': 'cache-sv94-SJC3, cache-ams4127-AMS',
22 silly registry.get     'x-cache': 'MISS, MISS',
22 silly registry.get     'x-cache-hits': '0, 0',
22 silly registry.get     'x-timer': 'S1402048798.276731,VS0,VE188',
22 silly registry.get     vary: 'Accept',
22 silly registry.get     'keep-alive': 'timeout=10, max=50',
22 silly registry.get     connection: 'Keep-Alive' } ]
23 silly addNameRange number 2 { name: 'ios-deploy', range: '*', hasData: true }
24 silly addNameRange versions [ 'ios-deploy',
24 silly addNameRange   [ '1.0.1',
24 silly addNameRange     '1.0.2',
24 silly addNameRange     '1.0.3',
24 silly addNameRange     '1.0.4',
24 silly addNameRange     '1.0.5',
24 silly addNameRange     '1.0.6',
24 silly addNameRange     '1.0.7',
24 silly addNameRange     '1.0.8' ] ]
25 verbose addNamed [ 'ios-deploy', '1.0.8' ]
26 verbose addNamed [ '1.0.8', '1.0.8' ]
27 silly lockFile 211a3cb3-ios-deploy-1-0-8 ios-deploy@1.0.8
28 verbose lock ios-deploy@1.0.8 /Users/Paul/.npm/211a3cb3-ios-deploy-1-0-8.lock
29 silly lockFile 5c2c6fbe--ios-deploy-ios-deploy-1-0-8-tgz https://registry.npmjs.org/ios-deploy/-/ios-deploy-1.0.8.tgz
30 verbose lock https://registry.npmjs.org/ios-deploy/-/ios-deploy-1.0.8.tgz /Users/Paul/.npm/5c2c6fbe--ios-deploy-ios-deploy-1-0-8-tgz.lock
31 verbose addRemoteTarball [ 'https://registry.npmjs.org/ios-deploy/-/ios-deploy-1.0.8.tgz',
31 verbose addRemoteTarball   '31ce07ec3a39f2f009b16d85f4c5331d5131c54f' ]
32 info retry fetch attempt 1 at 11:59:54
33 verbose fetch to= /var/folders/1k/1ystw3yj1w96q37zb4rzg2kw0000gn/T/npm-30098-0RavQuE_/1402048794525-0.06628061342053115/tmp.tgz
34 http GET https://registry.npmjs.org/ios-deploy/-/ios-deploy-1.0.8.tgz
35 http 200 https://registry.npmjs.org/ios-deploy/-/ios-deploy-1.0.8.tgz
36 verbose tar unpack /var/folders/1k/1ystw3yj1w96q37zb4rzg2kw0000gn/T/npm-30098-0RavQuE_/1402048794525-0.06628061342053115/tmp.tgz
37 silly lockFile d3e6bcb5-aul-npm-ios-deploy-1-0-8-package tar:///Users/Paul/.npm/ios-deploy/1.0.8/package
38 verbose lock tar:///Users/Paul/.npm/ios-deploy/1.0.8/package /Users/Paul/.npm/d3e6bcb5-aul-npm-ios-deploy-1-0-8-package.lock
39 silly lockFile 4fbaba38-4525-0-06628061342053115-tmp-tgz tar:///var/folders/1k/1ystw3yj1w96q37zb4rzg2kw0000gn/T/npm-30098-0RavQuE_/1402048794525-0.06628061342053115/tmp.tgz
40 verbose lock tar:///var/folders/1k/1ystw3yj1w96q37zb4rzg2kw0000gn/T/npm-30098-0RavQuE_/1402048794525-0.06628061342053115/tmp.tgz /Users/Paul/.npm/4fbaba38-4525-0-06628061342053115-tmp-tgz.lock
41 silly gunzTarPerm modes [ '755', '644' ]
42 silly gunzTarPerm extractEntry package.json
43 silly gunzTarPerm extractEntry .npmignore
44 silly gunzTarPerm extractEntry README.md
45 silly gunzTarPerm extractEntry LICENSE
46 silly gunzTarPerm extractEntry Entitlements.plist
47 silly gunzTarPerm extractEntry Info.plist
48 silly gunzTarPerm extractEntry Makefile
49 silly gunzTarPerm extractEntry CONTRIBUTING.md
50 silly gunzTarPerm extractEntry ResourceRules.plist
51 silly gunzTarPerm extractEntry demo.c
52 silly gunzTarPerm extractEntry ios-deploy.c
53 silly gunzTarPerm extractEntry MobileDevice.h
54 silly lockFile d3e6bcb5-aul-npm-ios-deploy-1-0-8-package tar:///Users/Paul/.npm/ios-deploy/1.0.8/package
55 silly lockFile d3e6bcb5-aul-npm-ios-deploy-1-0-8-package tar:///Users/Paul/.npm/ios-deploy/1.0.8/package
56 silly lockFile 4fbaba38-4525-0-06628061342053115-tmp-tgz tar:///var/folders/1k/1ystw3yj1w96q37zb4rzg2kw0000gn/T/npm-30098-0RavQuE_/1402048794525-0.06628061342053115/tmp.tgz
57 silly lockFile 4fbaba38-4525-0-06628061342053115-tmp-tgz tar:///var/folders/1k/1ystw3yj1w96q37zb4rzg2kw0000gn/T/npm-30098-0RavQuE_/1402048794525-0.06628061342053115/tmp.tgz
58 silly lockFile 5c2c6fbe--ios-deploy-ios-deploy-1-0-8-tgz https://registry.npmjs.org/ios-deploy/-/ios-deploy-1.0.8.tgz
59 silly lockFile 5c2c6fbe--ios-deploy-ios-deploy-1-0-8-tgz https://registry.npmjs.org/ios-deploy/-/ios-deploy-1.0.8.tgz
60 silly lockFile 211a3cb3-ios-deploy-1-0-8 ios-deploy@1.0.8
61 silly lockFile 211a3cb3-ios-deploy-1-0-8 ios-deploy@1.0.8
62 silly lockFile 9c508a6b-ios-deploy ios-deploy@
63 silly lockFile 9c508a6b-ios-deploy ios-deploy@
64 silly resolved [ { name: 'ios-deploy',
64 silly resolved     version: '1.0.8',
64 silly resolved     description: 'launch iOS apps iOS devices from the command line (Xcode 5)',
64 silly resolved     main: 'ios-deploy',
64 silly resolved     scripts: { preinstall: 'make ios-deploy' },
64 silly resolved     bin: { 'ios-deploy': './ios-deploy' },
64 silly resolved     repository: { type: 'git', url: 'https://github.com/phonegap/ios-deploy' },
64 silly resolved     keywords: [ 'ios-deploy', 'deploy to iOS device' ],
64 silly resolved     author: { name: 'Greg Hughes' },
64 silly resolved     license: 'GPLv3',
64 silly resolved     readme: 'ios-deploy\n==========\nInstall and debug iPhone apps without using Xcode. Designed to work on unjailbroken devices.\n\n## Requirements\n\n* Mac OS X. Tested on Snow Leopard only.\n* You need to have a valid iPhone development certificate installed.\n* Xcode must be installed, along with the SDK for your iOS version.\n\n## Usage\n\n    ./ios-deploy [OPTION]...\n      -d, --debug                  launch the app in GDB after installation\n      -i, --id <device_id>         the id of the device to connect to\n      -c, --detect                 only detect if the device is connected\n      -b, --bundle <bundle.app>    the path to the app bundle to be installed\n      -a, --args <args>            command line arguments to pass to the app when launching it\n      -t, --timeout <timeout>      number of seconds to wait for a device to be connected\n      -u, --unbuffered             don\'t buffer stdout\n      -g, --gdbargs <args>         extra arguments to pass to GDB when starting the debugger\n      -x, --gdbexec <file>         GDB commands script file\n      -n, --nostart                do not start the app when debugging\n      -I, --noninteractive         start in non interactive mode (quit when app crashes or exits)\n      -v, --verbose                enable verbose output\n      -m, --noinstall              directly start debugging without app install (-d not required) \n      -p, --port <number>          port used for device, default: 12345\n      -r, --uninstall              uninstall the app before install (do not use with -m; app cache and data are cleared)       \n      -V, --version                print the executable version\n\n## Demo\n\n* The included demo.app represents the minimum required to get code running on iOS.\n* `make install` will install demo.app to the device.\n* `make debug` will install demo.app and launch a GDB session.\n\n## Notes\n\n* With some modifications, it may be possible to use this without Xcode installed; however, you would need a copy of the relevant DeveloperDiskImage.dmg (included with Xcode). GDB would also run slower as symbols would be downloaded from the device on-the-fly.\n\n\n## Listing Device Ids\n\nDevice Ids are the UDIDs of the iOS devices. From the command line, you can list device ids [this way](http://javierhz.blogspot.com/2012/06/how-to-get-udid-of-iphone-using-shell.html):\n\n        system_profiler SPUSBDataType | sed -n -e \'/iPad/,/Serial/p\' -e \'/iPhone/,/Serial/p\' | grep "Serial Number:" | awk -F ": " \'{print $2}\'\n',
64 silly resolved     readmeFilename: 'README.md',
64 silly resolved     bugs: { url: 'https://github.com/phonegap/ios-deploy/issues' },
64 silly resolved     homepage: 'https://github.com/phonegap/ios-deploy',
64 silly resolved     _id: 'ios-deploy@1.0.8',
64 silly resolved     _shasum: '31ce07ec3a39f2f009b16d85f4c5331d5131c54f',
64 silly resolved     _from: 'ios-deploy@',
64 silly resolved     _resolved: 'https://registry.npmjs.org/ios-deploy/-/ios-deploy-1.0.8.tgz' } ]
65 info install ios-deploy@1.0.8 into /usr/local/lib
66 info installOne ios-deploy@1.0.8
67 info /usr/local/lib/node_modules/ios-deploy unbuild
68 verbose tar unpack /Users/Paul/.npm/ios-deploy/1.0.8/package.tgz
69 silly lockFile d4189100-ocal-lib-node-modules-ios-deploy tar:///usr/local/lib/node_modules/ios-deploy
70 verbose lock tar:///usr/local/lib/node_modules/ios-deploy /Users/Paul/.npm/d4189100-ocal-lib-node-modules-ios-deploy.lock
71 silly lockFile d88a5473-npm-ios-deploy-1-0-8-package-tgz tar:///Users/Paul/.npm/ios-deploy/1.0.8/package.tgz
72 verbose lock tar:///Users/Paul/.npm/ios-deploy/1.0.8/package.tgz /Users/Paul/.npm/d88a5473-npm-ios-deploy-1-0-8-package-tgz.lock
73 silly gunzTarPerm modes [ '755', '644' ]
74 error Error: EACCES, mkdir '/usr/local/lib/node_modules/ios-deploy'
74 error  { [Error: EACCES, mkdir '/usr/local/lib/node_modules/ios-deploy']
74 error   errno: 3,
74 error   code: 'EACCES',
74 error   path: '/usr/local/lib/node_modules/ios-deploy',
74 error   fstream_type: 'Directory',
74 error   fstream_path: '/usr/local/lib/node_modules/ios-deploy',
74 error   fstream_class: 'DirWriter',
74 error   fstream_stack:
74 error    [ '/usr/local/lib/node_modules/npm/node_modules/fstream/lib/dir-writer.js:36:23',
74 error      '/usr/local/lib/node_modules/npm/node_modules/mkdirp/index.js:37:53',
74 error      'Object.oncomplete (fs.js:107:15)' ] }
75 error Please try running this command again as root/Administrator.
76 error System Darwin 13.2.0
77 error command "node" "/usr/local/bin/npm" "install" "-g" "ios-deploy"
78 error cwd /Users/Paul/Documents/Fontys/M61/MOB/Mobile-App/KwisT
79 error node -v v0.10.28
80 error npm -v 1.4.9
81 error path /usr/local/lib/node_modules/ios-deploy
82 error fstream_path /usr/local/lib/node_modules/ios-deploy
83 error fstream_type Directory
84 error fstream_class DirWriter
85 error code EACCES
86 error errno 3
87 error stack Error: EACCES, mkdir '/usr/local/lib/node_modules/ios-deploy'
88 error fstream_stack /usr/local/lib/node_modules/npm/node_modules/fstream/lib/dir-writer.js:36:23
88 error fstream_stack /usr/local/lib/node_modules/npm/node_modules/mkdirp/index.js:37:53
88 error fstream_stack Object.oncomplete (fs.js:107:15)
89 verbose exit [ 3, true ]
