objc[2181]: Class AXEmojiUtilities is implemented in both /Applications/Xcode.app/Contents/Developer/Platforms/iPhoneSimulator.platform/Developer/SDKs/iPhoneSimulator7.1.sdk/System/Library/PrivateFrameworks/AccessibilityUtilities.framework/AccessibilityUtilities and /Applications/Xcode.app/Contents/Developer/Platforms/iPhoneSimulator.platform/Developer/SDKs/iPhoneSimulator7.1.sdk/usr/lib/libAXSpeechManager.dylib. One of the two will be used. Which one is undefined.
2014-06-05 10:24:41.438 HelloWorld[2181:70b] Cannot find executable for CFBundle 0xa430630 </Applications/Xcode.app/Contents/Developer/Platforms/iPhoneSimulator.platform/Developer/SDKs/iPhoneSimulator7.1.sdk/System/Library/AccessibilityBundles/GeoServices.axbundle> (not loaded)
2014-06-05 10:24:41.445 HelloWorld[2181:70b] Cannot find executable for CFBundle 0xa54b1c0 </Applications/Xcode.app/Contents/Developer/Platforms/iPhoneSimulator.platform/Developer/SDKs/iPhoneSimulator7.1.sdk/System/Library/AccessibilityBundles/CertUIFramework.axbundle> (not loaded)
2014-06-05 10:24:41.479 HelloWorld[2181:70b] Multi-tasking -> Device: YES, App: YES
2014-06-05 10:24:41.503 HelloWorld[2181:70b] Unlimited access to network resources
2014-06-05 10:24:41.980 HelloWorld[2181:70b] Resetting plugins due to page load.
2014-06-05 10:24:45.353 HelloWorld[2181:70b] Finished load of: file:///Users/ferdiduisters/Library/Application%20Support/iPhone%20Simulator/7.1/Applications/81310E82-A22A-4EFB-B2FD-F07898A0F9ED/HelloWorld.app/www/index.html
objc[2355]: Class AXEmojiUtilities is implemented in both /Applications/Xcode.app/Contents/Developer/Platforms/iPhoneSimulator.platform/Developer/SDKs/iPhoneSimulator7.1.sdk/System/Library/PrivateFrameworks/AccessibilityUtilities.framework/AccessibilityUtilities and /Applications/Xcode.app/Contents/Developer/Platforms/iPhoneSimulator.platform/Developer/SDKs/iPhoneSimulator7.1.sdk/usr/lib/libAXSpeechManager.dylib. One of the two will be used. Which one is undefined.
2014-06-05 10:24:59.598 HelloWorld[2355:70b] Cannot find executable for CFBundle 0xa34a190 </Applications/Xcode.app/Contents/Developer/Platforms/iPhoneSimulator.platform/Developer/SDKs/iPhoneSimulator7.1.sdk/System/Library/AccessibilityBundles/GeoServices.axbundle> (not loaded)
2014-06-05 10:24:59.603 HelloWorld[2355:70b] Cannot find executable for CFBundle 0xa628e30 </Applications/Xcode.app/Contents/Developer/Platforms/iPhoneSimulator.platform/Developer/SDKs/iPhoneSimulator7.1.sdk/System/Library/AccessibilityBundles/CertUIFramework.axbundle> (not loaded)
2014-06-05 10:24:59.622 HelloWorld[2355:70b] Multi-tasking -> Device: YES, App: YES
2014-06-05 10:24:59.628 HelloWorld[2355:70b] Unlimited access to network resources
2014-06-05 10:24:59.689 HelloWorld[2355:70b] Resetting plugins due to page load.
objc[2655]: Class AXEmojiUtilities is implemented in both /Applications/Xcode.app/Contents/Developer/Platforms/iPhoneSimulator.platform/Developer/SDKs/iPhoneSimulator7.1.sdk/System/Library/PrivateFrameworks/AccessibilityUtilities.framework/AccessibilityUtilities and /Applications/Xcode.app/Contents/Developer/Platforms/iPhoneSimulator.platform/Developer/SDKs/iPhoneSimulator7.1.sdk/usr/lib/libAXSpeechManager.dylib. One of the two will be used. Which one is undefined.
2014-06-05 10:26:07.747 HelloWorld[2655:70b] Cannot find executable for CFBundle 0xa622420 </Applications/Xcode.app/Contents/Developer/Platforms/iPhoneSimulator.platform/Developer/SDKs/iPhoneSimulator7.1.sdk/System/Library/AccessibilityBundles/CertUIFramework.axbundle> (not loaded)
2014-06-05 10:26:07.753 HelloWorld[2655:70b] Cannot find executable for CFBundle 0xa46ddb0 </Applications/Xcode.app/Contents/Developer/Platforms/iPhoneSimulator.platform/Developer/SDKs/iPhoneSimulator7.1.sdk/System/Library/AccessibilityBundles/GeoServices.axbundle> (not loaded)
2014-06-05 10:26:07.785 HelloWorld[2655:70b] Multi-tasking -> Device: YES, App: YES
2014-06-05 10:26:07.794 HelloWorld[2655:70b] Unlimited access to network resources
2014-06-05 10:26:07.960 HelloWorld[2655:70b] Resetting plugins due to page load.
2014-06-05 10:26:11.120 HelloWorld[2655:70b] Finished load of: file:///Users/ferdiduisters/Library/Application%20Support/iPhone%20Simulator/7.1/Applications/81310E82-A22A-4EFB-B2FD-F07898A0F9ED/HelloWorld.app/www/index.html
objc[2831]: Class AXEmojiUtilities is implemented in both /Applications/Xcode.app/Contents/Developer/Platforms/iPhoneSimulator.platform/Developer/SDKs/iPhoneSimulator7.1.sdk/System/Library/PrivateFrameworks/AccessibilityUtilities.framework/AccessibilityUtilities and /Applications/Xcode.app/Contents/Developer/Platforms/iPhoneSimulator.platform/Developer/SDKs/iPhoneSimulator7.1.sdk/usr/lib/libAXSpeechManager.dylib. One of the two will be used. Which one is undefined.
2014-06-05 10:26:25.600 HelloWorld[2831:70b] Cannot find executable for CFBundle 0xa531770 </Applications/Xcode.app/Contents/Developer/Platforms/iPhoneSimulator.platform/Developer/SDKs/iPhoneSimulator7.1.sdk/System/Library/AccessibilityBundles/GeoServices.axbundle> (not loaded)
2014-06-05 10:26:25.604 HelloWorld[2831:70b] Cannot find executable for CFBundle 0xa65af40 </Applications/Xcode.app/Contents/Developer/Platforms/iPhoneSimulator.platform/Developer/SDKs/iPhoneSimulator7.1.sdk/System/Library/AccessibilityBundles/CertUIFramework.axbundle> (not loaded)
2014-06-05 10:26:25.626 HelloWorld[2831:70b] Multi-tasking -> Device: YES, App: YES
2014-06-05 10:26:25.632 HelloWorld[2831:70b] Unlimited access to network resources
2014-06-05 10:26:25.687 HelloWorld[2831:70b] Resetting plugins due to page load.
objc[3037]: Class AXEmojiUtilities is implemented in both /Applications/Xcode.app/Contents/Developer/Platforms/iPhoneSimulator.platform/Developer/SDKs/iPhoneSimulator7.1.sdk/System/Library/PrivateFrameworks/AccessibilityUtilities.framework/AccessibilityUtilities and /Applications/Xcode.app/Contents/Developer/Platforms/iPhoneSimulator.platform/Developer/SDKs/iPhoneSimulator7.1.sdk/usr/lib/libAXSpeechManager.dylib. One of the two will be used. Which one is undefined.
2014-06-05 10:27:40.023 HelloWorld[3037:70b] Cannot find executable for CFBundle 0xa62c350 </Applications/Xcode.app/Contents/Developer/Platforms/iPhoneSimulator.platform/Developer/SDKs/iPhoneSimulator7.1.sdk/System/Library/AccessibilityBundles/GeoServices.axbundle> (not loaded)
2014-06-05 10:27:40.030 HelloWorld[3037:70b] Cannot find executable for CFBundle 0xa540f90 </Applications/Xcode.app/Contents/Developer/Platforms/iPhoneSimulator.platform/Developer/SDKs/iPhoneSimulator7.1.sdk/System/Library/AccessibilityBundles/CertUIFramework.axbundle> (not loaded)
2014-06-05 10:27:40.065 HelloWorld[3037:70b] Multi-tasking -> Device: YES, App: YES
2014-06-05 10:27:40.075 HelloWorld[3037:70b] Unlimited access to network resources
2014-06-05 10:27:40.246 HelloWorld[3037:70b] Resetting plugins due to page load.
2014-06-05 10:29:22.986 HelloWorld[3037:3f07] void SendDelegateMessage(NSInvocation *): delegate (webView:runJavaScriptAlertPanelWithMessage:initiatedByFrame:) failed to return after waiting 10 seconds. main run loop mode: kCFRunLoopDefaultMode
2014-06-05 10:29:23.007 HelloWorld[3037:70b] Finished load of: file:///Users/ferdiduisters/Library/Application%20Support/iPhone%20Simulator/7.1/Applications/81310E82-A22A-4EFB-B2FD-F07898A0F9ED/HelloWorld.app/www/index.html
